{"\/Users\/samsonasik\/www\/learn-kahlan\/src\/AnotherInterface.php":{"path":"\/Users\/samsonasik\/www\/learn-kahlan\/src\/AnotherInterface.php","s":[],"f":[],"b":[],"statementMap":[],"fnMap":[],"branchMap":[]},"\/Users\/samsonasik\/www\/learn-kahlan\/src\/Dependency.php":{"path":"\/Users\/samsonasik\/www\/learn-kahlan\/src\/Dependency.php","s":{"1":2},"f":{"1":2},"b":[],"statementMap":{"1":{"start":{"line":14,"column":0},"end":{"line":14,"column":23}}},"fnMap":{"1":{"name":"__construct","line":12,"loc":{"start":{"line":12,"column":0},"end":{"line":15,"column":false}}}},"branchMap":[]},"\/Users\/samsonasik\/www\/learn-kahlan\/src\/DependencyInterface.php":{"path":"\/Users\/samsonasik\/www\/learn-kahlan\/src\/DependencyInterface.php","s":[],"f":{"1":0},"b":[],"statementMap":[],"fnMap":{"1":{"name":"process","line":7,"loc":{"start":{"line":7,"column":0},"end":{"line":7,"column":false}}}},"branchMap":[]},"\/Users\/samsonasik\/www\/learn-kahlan\/src\/Foo.php":{"path":"\/Users\/samsonasik\/www\/learn-kahlan\/src\/Foo.php","s":{"1":1,"2":1,"3":1,"4":1},"f":{"1":1,"2":1,"3":1},"b":[],"statementMap":{"1":{"start":{"line":12,"column":0},"end":{"line":12,"column":23}},"2":{"start":{"line":17,"column":0},"end":{"line":17,"column":42}},"3":{"start":{"line":23,"column":0},"end":{"line":23,"column":1}},"4":{"start":{"line":26,"column":0},"end":{"line":26,"column":18}}},"fnMap":{"1":{"name":"__construct","line":10,"loc":{"start":{"line":10,"column":0},"end":{"line":13,"column":false}}},"2":{"name":"process","line":15,"loc":{"start":{"line":15,"column":0},"end":{"line":18,"column":false}}},"3":{"name":"fooString","line":20,"loc":{"start":{"line":20,"column":0},"end":{"line":27,"column":false}}}},"branchMap":[]},"\/Users\/samsonasik\/www\/learn-kahlan\/src\/ProcessTrait.php":{"path":"\/Users\/samsonasik\/www\/learn-kahlan\/src\/ProcessTrait.php","s":{"1":1},"f":{"1":1},"b":[],"statementMap":{"1":{"start":{"line":9,"column":0},"end":{"line":9,"column":1}}},"fnMap":{"1":{"name":"process","line":7,"loc":{"start":{"line":7,"column":0},"end":{"line":10,"column":false}}}},"branchMap":[]}}